Arguments: 
  C:\Program Files\nodejs\node.exe C:\Users\Yopu\AppData\Roaming\npm\node_modules\yarn\bin\yarn.js add nodemailer-smtp-server

PATH: 
  C:\Program Files\Alacritty\;C:\Program Files (x86)\Microsoft SDKs\Azure\CLI2\wbin;C:\Program Files (x86)\Razer Chroma SDK\bin;C:\Program Files\Razer Chroma SDK\bin;C:\Program Files (x86)\Razer\ChromaBroadcast\bin;C:\Program Files\Razer\ChromaBroadcast\bin;C:\Program Files\Eclipse Adoptium\jdk-17.0.4.101-hotspot\bin;C:\Program Files\Lapce\;C:\Program Files\Common Files\Oracle\Java\javapath;C:\Program Files (x86)\Common Files\Oracle\Java\javapath;C:\Python310\Scripts\;C:\Python310\;C:\WINDOWS\system32;C:\WINDOWS;C:\WINDOWS\System32\Wbem;C:\WINDOWS\System32\WindowsPowerShell\v1.0\;C:\WINDOWS\System32\OpenSSH\;C:\ProgramData\chocolatey\bin;C:\Program Files\OpenJDK\openjdk-11.0.16_8\bin;C:\protoc\bin;C:\Program Files\PuTTY\;C:\dev\vcpkg\installed\x64-windows\bin;C:\WINDOWS\system32\config\systemprofile\AppData\Local\Microsoft\WindowsApps;C:\Program Files\Git\cmd;C:\Program Files\Neovim\bin;%NVM_HOME%;%NVM_SYMLINK%;C:\Program Files\Docker\Docker\resources\bin;C:\Users\Yopu\anaconda3;C:\Users\Yopu\anaconda3\Library\mingw-w64\bin;C:\Users\Yopu\anaconda3\Library\usr\bin;C:\Users\Yopu\anaconda3\Library\bin;C:\Users\Yopu\anaconda3\Scripts;C:\Users\Yopu\AppData\Local\pnpm;C:\Users\Yopu\.cargo\bin;C:\Users\Yopu\AppData\Local\Microsoft\WindowsApps;C:\Users\Yopu\AppData\Local\Programs\Microsoft VS Code\bin;C:\Users\Yopu\AppData\Local\GitHubDesktop\bin;C:\Users\Yopu\AppData\Roaming\npm;C:\Users\Yopu\AppData\Local\Android\Sdk\platform-tools;C:\protoc\bin;C:\Users\Yopu\AppData\Local\Programs\Hyper\resources\bin;C:\Program Files\PostgreSQL\13\bin;C:\Users\Yopu\AppData\Local\Programs\mongosh\;C:\Program Files (x86)\Nmap;C:\tools\ngrok;C:\Users\Yopu\AppData\Roaming\nvm;C:\Program Files\nodejs;C:\Users\Yopu\.fly\bin

Yarn version: 
  1.22.19

Node version: 
  18.15.0

Platform: 
  win32 x64

Trace: 
  Error: https://registry.yarnpkg.com/nodemailer-smtp-server: Not found
      at params.callback [as _callback] (C:\Users\Yopu\AppData\Roaming\npm\node_modules\yarn\lib\cli.js:66145:18)
      at self.callback (C:\Users\Yopu\AppData\Roaming\npm\node_modules\yarn\lib\cli.js:140890:22)
      at Request.emit (node:events:513:28)
      at Request.<anonymous> (C:\Users\Yopu\AppData\Roaming\npm\node_modules\yarn\lib\cli.js:141862:10)
      at Request.emit (node:events:513:28)
      at IncomingMessage.<anonymous> (C:\Users\Yopu\AppData\Roaming\npm\node_modules\yarn\lib\cli.js:141784:12)
      at Object.onceWrapper (node:events:627:28)
      at IncomingMessage.emit (node:events:525:35)
      at endReadableNT (node:internal/streams/readable:1359:12)
      at process.processTicksAndRejections (node:internal/process/task_queues:82:21)

npm manifest: 
  {
    "name": "gwarm-smtp",
    "version": "1.0.0",
    "description": "",
    "main": "index.js",
    "scripts": {
      "test": "echo \"Error: no test specified\" && exit 1"
    },
    "keywords": [],
    "author": "",
    "license": "ISC",
    "dependencies": {
      "nodemailer": "^6.9.1"
    }
  }

yarn manifest: 
  No manifest

Lockfile: 
  # THIS IS AN AUTOGENERATED FILE. DO NOT EDIT THIS FILE DIRECTLY.
  # yarn lockfile v1
  
  
  nodemailer@^6.9.1:
    version "6.9.1"
    resolved "https://registry.yarnpkg.com/nodemailer/-/nodemailer-6.9.1.tgz#8249d928a43ed85fec17b13d2870c8f758a126ed"
    integrity sha512-qHw7dOiU5UKNnQpXktdgQ1d3OFgRAekuvbJLcdG5dnEo/GtcTHRYM7+UfJARdOFU9WUQO8OiIamgWPmiSFHYAA==
